2023-01-26 22:59:00,181 [Worker-4] INFO  c.g.t.t.d.PublishedGradleVersions - Gradle version information cache is up-to-date. Trying to read.
2023-01-26 23:00:12,214 [Worker-20] INFO  o.e.m.c.i.l.LifecycleMappingFactory - Using org.eclipse.m2e.jdt.JarLifecycleMapping lifecycle mapping for MavenProject: crm:Ecommerce-Backend:0.0.1-SNAPSHOT @ D:\CDAC Infoway\Project_Upload\Eco-Cart-Back-End\pom.xml.
2023-01-26 23:00:20,672 [Worker-20] INFO  o.e.m.c.i.embedder.EclipseLogger - Using 'UTF-8' encoding to copy filtered resources.
2023-01-26 23:00:20,672 [Worker-20] INFO  o.e.m.c.i.embedder.EclipseLogger - Using 'UTF-8' encoding to copy filtered properties files.
2023-01-26 23:00:20,683 [Worker-20] INFO  o.e.m.c.i.embedder.EclipseLogger - Copying 1 resource
2023-01-26 23:00:20,719 [Worker-20] INFO  o.e.m.c.i.embedder.EclipseLogger - Copying 0 resource
2023-01-26 23:00:20,731 [Worker-20] INFO  o.e.m.c.i.embedder.EclipseLogger - Using 'UTF-8' encoding to copy filtered resources.
2023-01-26 23:00:20,732 [Worker-20] INFO  o.e.m.c.i.embedder.EclipseLogger - Using 'UTF-8' encoding to copy filtered properties files.
2023-01-26 23:00:20,732 [Worker-20] INFO  o.e.m.c.i.embedder.EclipseLogger - skip non existing resourceDirectory D:\CDAC Infoway\Project_Upload\Eco-Cart-Back-End\src\test\resources
2023-01-26 23:00:22,554 [Worker-15] INFO  o.e.m.c.i.l.LifecycleMappingFactory - Using org.eclipse.m2e.jdt.JarLifecycleMapping lifecycle mapping for MavenProject: crm:Ecommerce-Backend:0.0.1-SNAPSHOT @ D:\CDAC Infoway\Project_Upload\Eco-Cart-Back-End\pom.xml.
2023-01-26 23:00:25,889 [Worker-14] INFO  o.e.m.c.i.embedder.EclipseLogger - Using 'UTF-8' encoding to copy filtered resources.
2023-01-26 23:00:25,889 [Worker-14] INFO  o.e.m.c.i.embedder.EclipseLogger - Using 'UTF-8' encoding to copy filtered properties files.
2023-01-26 23:00:25,895 [Worker-14] INFO  o.e.m.c.i.embedder.EclipseLogger - Copying 1 resource
2023-01-26 23:00:25,899 [Worker-14] INFO  o.e.m.c.i.embedder.EclipseLogger - Copying 0 resource
2023-01-26 23:00:25,902 [Worker-14] INFO  o.e.m.c.i.embedder.EclipseLogger - Using 'UTF-8' encoding to copy filtered resources.
2023-01-26 23:00:25,903 [Worker-14] INFO  o.e.m.c.i.embedder.EclipseLogger - Using 'UTF-8' encoding to copy filtered properties files.
2023-01-26 23:00:25,903 [Worker-14] INFO  o.e.m.c.i.embedder.EclipseLogger - skip non existing resourceDirectory D:\CDAC Infoway\Project_Upload\Eco-Cart-Back-End\src\test\resources
2023-01-26 23:26:45,842 [Worker-25] INFO  o.e.m.c.i.embedder.EclipseLogger - Using 'UTF-8' encoding to copy filtered resources.
2023-01-26 23:26:45,842 [Worker-25] INFO  o.e.m.c.i.embedder.EclipseLogger - Using 'UTF-8' encoding to copy filtered properties files.
2023-01-26 23:26:45,847 [Worker-25] INFO  o.e.m.c.i.embedder.EclipseLogger - Copying 1 resource
2023-01-26 23:26:45,872 [Worker-25] INFO  o.e.m.c.i.embedder.EclipseLogger - Copying 0 resource
2023-01-26 23:26:45,878 [Worker-25] INFO  o.e.m.c.i.embedder.EclipseLogger - Using 'UTF-8' encoding to copy filtered resources.
2023-01-26 23:26:45,878 [Worker-25] INFO  o.e.m.c.i.embedder.EclipseLogger - Using 'UTF-8' encoding to copy filtered properties files.
2023-01-26 23:26:45,878 [Worker-25] INFO  o.e.m.c.i.embedder.EclipseLogger - skip non existing resourceDirectory D:\CDAC Infoway\Project_Upload\Eco-Cart-Back-End\src\test\resources
2023-01-27 22:36:49,587 [Worker-6] INFO  c.g.t.t.d.PublishedGradleVersions - Gradle version information cache is out-of-date. Trying to update.
2023-01-27 22:37:11,352 [Worker-9] INFO  o.e.m.c.i.l.LifecycleMappingFactory - Using org.eclipse.m2e.jdt.JarLifecycleMapping lifecycle mapping for MavenProject: crm:Ecommerce-Backend:0.0.1-SNAPSHOT @ D:\CDAC Infoway\Project_Upload\Eco-Cart-Back-End\pom.xml.
2023-01-27 22:37:22,712 [Worker-2] INFO  o.e.m.c.i.embedder.EclipseLogger - Using 'UTF-8' encoding to copy filtered resources.
2023-01-27 22:37:22,712 [Worker-2] INFO  o.e.m.c.i.embedder.EclipseLogger - Using 'UTF-8' encoding to copy filtered properties files.
2023-01-27 22:37:22,722 [Worker-2] INFO  o.e.m.c.i.embedder.EclipseLogger - Copying 1 resource
2023-01-27 22:37:22,755 [Worker-2] INFO  o.e.m.c.i.embedder.EclipseLogger - Copying 0 resource
2023-01-27 22:37:22,759 [Worker-2] INFO  o.e.m.c.i.embedder.EclipseLogger - Using 'UTF-8' encoding to copy filtered resources.
2023-01-27 22:37:22,759 [Worker-2] INFO  o.e.m.c.i.embedder.EclipseLogger - Using 'UTF-8' encoding to copy filtered properties files.
2023-01-27 22:37:22,760 [Worker-2] INFO  o.e.m.c.i.embedder.EclipseLogger - skip non existing resourceDirectory D:\CDAC Infoway\Project_Upload\Eco-Cart-Back-End\src\test\resources
